<?xml version="1.0" encoding="UTF-8"?>
<!-- Generated by org.testng.reporters.JUnitXMLReporter -->
<testsuite ignored="0" hostname="DESKTOP-81BEEVH" failures="0" tests="2" name="GamesZavrsniProjekat" time="25.456" errors="0" timestamp="26 Apr 2023 01:01:21 GMT">
  <testcase classname="tests.LoginAndLogOutTest" name="loginFromHomePageWithValidCredentials" time="13.972"/>
  <testcase classname="tests.LoginAndLogOutTest" name="loginLogoutTest" time="11.0"/>
</testsuite> <!-- GamesZavrsniProjekat -->
