<?xml version="1.0" encoding="UTF-8"?>
<testng-results ignored="0" total="2" passed="2" failed="0" skipped="0">
  <reporter-output>
    <line>
      <![CDATA[Opening Chrome Driver]]>
    </line>
    <line>
      <![CDATA[1. Go to: https://www.games.rs]]>
    </line>
    <line>
      <![CDATA[2. Click on 'Prijavite se' header button to open login modal]]>
    </line>
    <line>
      <![CDATA[3. Enter valid mail address]]>
    </line>
    <line>
      <![CDATA[4. Enter valid password]]>
    </line>
    <line>
      <![CDATA[5. Click 'PRIJAVA' login button]]>
    </line>
    <line>
      <![CDATA[6. Verify that 'Prijavite se' header link has changed into user link]]>
    </line>
    <line>
      <![CDATA[6. Verify that 'Registrujte se' header link has changed into 'Odjava' link]]>
    </line>
    <line>
      <![CDATA[Test finished]]>
    </line>
    <line>
      <![CDATA[Opening Chrome Driver]]>
    </line>
    <line>
      <![CDATA[1. Go to: https://www.games.rs/]]>
    </line>
    <line>
      <![CDATA[2. Login with valid credentials]]>
    </line>
    <line>
      <![CDATA[Click 'Prijavite se' header link]]>
    </line>
    <line>
      <![CDATA[Enter email neosqatesting@gmail.com]]>
    </line>
    <line>
      <![CDATA[Enter valid password Neostesting1.]]>
    </line>
    <line>
      <![CDATA[Click 'Prijava' button]]>
    </line>
    <line>
      <![CDATA[2.2 Verify that 'Prijavite se' header link has changed into user link]]>
    </line>
    <line>
      <![CDATA[2.2.2 Verify that 'Registrujte se' header link has changed into 'Odjava' link]]>
    </line>
    <line>
      <![CDATA[3. Click on the 'Odjava' header link]]>
    </line>
    <line>
      <![CDATA[3.2 Verify that 'Prijavite se' header link has NOT changed into user link]]>
    </line>
    <line>
      <![CDATA[3.2.2 Verify that 'Registrujte se' header link has NOT changed into 'Odjava' link]]>
    </line>
    <line>
      <![CDATA[Test finished]]>
    </line>
  </reporter-output>
  <suite started-at="2023-04-26T01:00:55Z" name="Default Suite" finished-at="2023-04-26T01:01:21Z" duration-ms="25456">
    <groups>
    </groups>
    <test started-at="2023-04-26T01:00:55Z" name="GamesZavrsniProjekat" finished-at="2023-04-26T01:01:21Z" duration-ms="25456">
      <class name="tests.LoginAndLogOutTest">
        <test-method signature="loginFromHomePageWithValidCredentials()[pri:0, instance:tests.LoginAndLogOutTest@32eff876]" started-at="2023-04-26T01:00:55Z" name="loginFromHomePageWithValidCredentials" finished-at="2023-04-26T01:01:09Z" duration-ms="13972" status="PASS">
          <reporter-output>
            <line>
              <![CDATA[Opening Chrome Driver]]>
            </line>
            <line>
              <![CDATA[1. Go to: https://www.games.rs]]>
            </line>
            <line>
              <![CDATA[2. Click on 'Prijavite se' header button to open login modal]]>
            </line>
            <line>
              <![CDATA[3. Enter valid mail address]]>
            </line>
            <line>
              <![CDATA[4. Enter valid password]]>
            </line>
            <line>
              <![CDATA[5. Click 'PRIJAVA' login button]]>
            </line>
            <line>
              <![CDATA[6. Verify that 'Prijavite se' header link has changed into user link]]>
            </line>
            <line>
              <![CDATA[6. Verify that 'Registrujte se' header link has changed into 'Odjava' link]]>
            </line>
            <line>
              <![CDATA[Test finished]]>
            </line>
          </reporter-output>
        </test-method> <!-- loginFromHomePageWithValidCredentials -->
        <test-method is-config="true" signature="closeDriver()[pri:0, instance:tests.LoginAndLogOutTest@32eff876]" started-at="2023-04-26T01:01:09Z" name="closeDriver" finished-at="2023-04-26T01:01:09Z" duration-ms="237" status="PASS">
          <reporter-output>
          </reporter-output>
        </test-method> <!-- closeDriver -->
        <test-method signature="loginLogoutTest()[pri:0, instance:tests.LoginAndLogOutTest@32eff876]" started-at="2023-04-26T01:01:09Z" name="loginLogoutTest" finished-at="2023-04-26T01:01:20Z" duration-ms="11000" status="PASS">
          <reporter-output>
            <line>
              <![CDATA[Opening Chrome Driver]]>
            </line>
            <line>
              <![CDATA[1. Go to: https://www.games.rs/]]>
            </line>
            <line>
              <![CDATA[2. Login with valid credentials]]>
            </line>
            <line>
              <![CDATA[Click 'Prijavite se' header link]]>
            </line>
            <line>
              <![CDATA[Enter email neosqatesting@gmail.com]]>
            </line>
            <line>
              <![CDATA[Enter valid password Neostesting1.]]>
            </line>
            <line>
              <![CDATA[Click 'Prijava' button]]>
            </line>
            <line>
              <![CDATA[2.2 Verify that 'Prijavite se' header link has changed into user link]]>
            </line>
            <line>
              <![CDATA[2.2.2 Verify that 'Registrujte se' header link has changed into 'Odjava' link]]>
            </line>
            <line>
              <![CDATA[3. Click on the 'Odjava' header link]]>
            </line>
            <line>
              <![CDATA[3.2 Verify that 'Prijavite se' header link has NOT changed into user link]]>
            </line>
            <line>
              <![CDATA[3.2.2 Verify that 'Registrujte se' header link has NOT changed into 'Odjava' link]]>
            </line>
            <line>
              <![CDATA[Test finished]]>
            </line>
          </reporter-output>
        </test-method> <!-- loginLogoutTest -->
        <test-method is-config="true" signature="closeDriver()[pri:0, instance:tests.LoginAndLogOutTest@32eff876]" started-at="2023-04-26T01:01:20Z" name="closeDriver" finished-at="2023-04-26T01:01:21Z" duration-ms="222" status="PASS">
          <reporter-output>
          </reporter-output>
        </test-method> <!-- closeDriver -->
      </class> <!-- tests.LoginAndLogOutTest -->
    </test> <!-- GamesZavrsniProjekat -->
  </suite> <!-- Default Suite -->
</testng-results>
